2017-04-18 22:14:49 INFO  Palya:40 - Jatek.newGame()
2017-04-18 22:14:49 INFO  Palya:51 - Hiba elkapva: vasut.Palya; local class incompatible: stream classdesc serialVersionUID = 8459371322869859399, local class serialVersionUID = 4182631005236336290
2017-04-18 22:14:49 INFO  Palya:113 - Jatek.mapSave()
2017-04-18 22:15:09 INFO  Palya:76 - Jatek.mapLoad()
2017-04-18 22:15:19 INFO  Palya:106 - Hiba elkapva: Nem megfelelő fájltípus!
2017-04-18 22:15:19 INFO  Palya:221 - teszthiba --- hibás bemenet
2017-04-18 22:16:22 INFO  Palya:40 - Jatek.newGame()
2017-04-18 22:16:22 INFO  Palya:51 - Hiba elkapva: vasut.Palya; local class incompatible: stream classdesc serialVersionUID = 8459371322869859399, local class serialVersionUID = 4182631005236336290
2017-04-18 22:16:22 INFO  Palya:113 - Jatek.mapSave()
2017-04-18 22:16:32 INFO  Palya:76 - Jatek.mapLoad()
2017-04-18 22:16:38 INFO  Palya:221 - teszthiba --- hibás bemenet
2017-04-18 22:19:20 INFO  Palya:40 - Jatek.newGame()
2017-04-18 22:19:20 INFO  Palya:51 - Hiba elkapva: vasut.Palya; local class incompatible: stream classdesc serialVersionUID = 8459371322869859399, local class serialVersionUID = 4182631005236336290
2017-04-18 22:19:55 INFO  Palya:40 - Jatek.newGame()
2017-04-18 22:19:55 INFO  Palya:51 - Hiba elkapva: vasut.Palya; local class incompatible: stream classdesc serialVersionUID = 8459371322869859399, local class serialVersionUID = 4182631005236336290
2017-04-18 22:27:43 INFO  Alagut:16 - Alagut konstruktor meghívva
2017-04-18 22:27:43 INFO  Sin:23 - Sin konstruktor meghívva.
2017-04-18 22:27:43 INFO  Sin:23 - Sin konstruktor meghívva.
2017-04-18 22:27:43 INFO  Palya:29 - Spawntunnel setup
2017-04-18 22:27:43 INFO  Sin:23 - Sin konstruktor meghívva.
2017-04-18 22:27:43 INFO  Sin:23 - Sin konstruktor meghívva.
2017-04-18 22:27:43 INFO  Sin:23 - Sin konstruktor meghívva.
2017-04-18 22:27:43 INFO  Sin:23 - Sin konstruktor meghívva.
2017-04-18 22:27:43 INFO  Sin:23 - Sin konstruktor meghívva.
2017-04-18 22:27:43 INFO  Sin:23 - Sin konstruktor meghívva.
2017-04-18 22:27:43 INFO  Sin:23 - Sin konstruktor meghívva.
2017-04-18 22:27:43 INFO  Palya:39 - Spawntunnel setup end
2017-04-18 22:27:43 INFO  Palya:117 - Jatek.mapSave()
2017-04-18 22:27:58 INFO  Alagut:16 - Alagut konstruktor meghívva
2017-04-18 22:27:58 INFO  Sin:23 - Sin konstruktor meghívva.
2017-04-18 22:27:58 INFO  Sin:23 - Sin konstruktor meghívva.
2017-04-18 22:27:58 INFO  Palya:29 - Spawntunnel setup
2017-04-18 22:27:58 INFO  Sin:23 - Sin konstruktor meghívva.
2017-04-18 22:27:58 INFO  Sin:23 - Sin konstruktor meghívva.
2017-04-18 22:27:58 INFO  Sin:23 - Sin konstruktor meghívva.
2017-04-18 22:27:58 INFO  Sin:23 - Sin konstruktor meghívva.
2017-04-18 22:27:58 INFO  Sin:23 - Sin konstruktor meghívva.
2017-04-18 22:27:58 INFO  Sin:23 - Sin konstruktor meghívva.
2017-04-18 22:27:58 INFO  Sin:23 - Sin konstruktor meghívva.
2017-04-18 22:27:58 INFO  Palya:39 - Spawntunnel setup end
2017-04-18 22:27:58 INFO  Palya:117 - Jatek.mapSave()
2017-04-18 22:28:07 INFO  Alagut:16 - Alagut konstruktor meghívva
2017-04-18 22:28:07 INFO  Sin:23 - Sin konstruktor meghívva.
2017-04-18 22:28:07 INFO  Sin:23 - Sin konstruktor meghívva.
2017-04-18 22:28:07 INFO  Palya:29 - Spawntunnel setup
2017-04-18 22:28:07 INFO  Sin:23 - Sin konstruktor meghívva.
2017-04-18 22:28:07 INFO  Sin:23 - Sin konstruktor meghívva.
2017-04-18 22:28:07 INFO  Sin:23 - Sin konstruktor meghívva.
2017-04-18 22:28:07 INFO  Sin:23 - Sin konstruktor meghívva.
2017-04-18 22:28:07 INFO  Sin:23 - Sin konstruktor meghívva.
2017-04-18 22:28:07 INFO  Sin:23 - Sin konstruktor meghívva.
2017-04-18 22:28:07 INFO  Sin:23 - Sin konstruktor meghívva.
2017-04-18 22:28:07 INFO  Palya:39 - Spawntunnel setup end
2017-04-18 22:28:07 INFO  Palya:117 - Jatek.mapSave()
